fastSdk/build/outputs/logs/manifest-merger-debug-report.txt
-- Merging decision tree log ---
manifest
ADDED from GfeduApp\fastSdk\AndroidManifest.xml:2:1-52:12
INJECTED from GfeduApp\fastSdk\AndroidManifest.xml:2:1-52:12
INJECTED from GfeduApp\fastSdk\AndroidManifest.xml:2:1-52:12
INJECTED from GfeduApp\fastSdk\AndroidManifest.xml:2:1-52:12
INJECTED from GfeduApp\fastSdk\AndroidManifest.xml:2:1-52:12
INJECTED from GfeduApp\fastSdk\AndroidManifest.xml:2:1-52:12
INJECTED from GfeduApp\fastSdk\AndroidManifest.xml:2:1-52:12
	package
		ADDED from GfeduApp\fastSdk\AndroidManifest.xml:3:5-33
		INJECTED from GfeduApp\fastSdk\AndroidManifest.xml
		INJECTED from GfeduApp\fastSdk\AndroidManifest.xml
	android:versionName
		ADDED from GfeduApp\fastSdk\AndroidManifest.xml:6:5-30
		INJECTED from GfeduApp\fastSdk\AndroidManifest.xml
		INJECTED from GfeduApp\fastSdk\AndroidManifest.xml
	xmlns:android
		ADDED from GfeduApp\fastSdk\AndroidManifest.xml:2:11-69
	android:versionCode
		ADDED from GfeduApp\fastSdk\AndroidManifest.xml:5:5-29
		INJECTED from GfeduApp\fastSdk\AndroidManifest.xml
		INJECTED from GfeduApp\fastSdk\AndroidManifest.xml
	android:installLocation
		ADDED from GfeduApp\fastSdk\AndroidManifest.xml:4:5-35
uses-sdk
ADDED from GfeduApp\fastSdk\AndroidManifest.xml:8:5-10:41
	android:targetSdkVersion
		ADDED from GfeduApp\fastSdk\AndroidManifest.xml:10:9-38
	android:minSdkVersion
		ADDED from GfeduApp\fastSdk\AndroidManifest.xml:9:9-35
uses-permission#android.permission.READ_PHONE_STATE
ADDED from GfeduApp\fastSdk\AndroidManifest.xml:12:5-75
	android:name
		ADDED from GfeduApp\fastSdk\AndroidManifest.xml:12:22-72
uses-permission#android.permission.READ_EXTERNAL_STORAGE
ADDED from GfeduApp\fastSdk\AndroidManifest.xml:13:5-80
	android:name
		ADDED from GfeduApp\fastSdk\AndroidManifest.xml:13:22-77
uses-permission#android.permission.ACCESS_NETWORK_STATE
ADDED from GfeduApp\fastSdk\AndroidManifest.xml:14:5-79
	android:name
		ADDED from GfeduApp\fastSdk\AndroidManifest.xml:14:22-76
uses-permission#android.permission.ACCESS_WIFI_STATE
ADDED from GfeduApp\fastSdk\AndroidManifest.xml:15:5-76
	android:name
		ADDED from GfeduApp\fastSdk\AndroidManifest.xml:15:22-73
uses-permission#android.permission.INTERNET
ADDED from GfeduApp\fastSdk\AndroidManifest.xml:16:5-67
	android:name
		ADDED from GfeduApp\fastSdk\AndroidManifest.xml:16:22-64
uses-permission#android.permission.CAMERA
ADDED from GfeduApp\fastSdk\AndroidManifest.xml:17:5-65
	android:name
		ADDED from GfeduApp\fastSdk\AndroidManifest.xml:17:22-62
uses-permission#android.permission.RECORD_AUDIO
ADDED from GfeduApp\fastSdk\AndroidManifest.xml:18:5-71
	android:name
		ADDED from GfeduApp\fastSdk\AndroidManifest.xml:18:22-68
uses-permission#android.permission.WRITE_EXTERNAL_STORAGE
ADDED from GfeduApp\fastSdk\AndroidManifest.xml:19:5-81
	android:name
		ADDED from GfeduApp\fastSdk\AndroidManifest.xml:19:22-78
uses-permission#android.permission.WAKE_LOCK
ADDED from GfeduApp\fastSdk\AndroidManifest.xml:20:5-68
	android:name
		ADDED from GfeduApp\fastSdk\AndroidManifest.xml:20:22-65
uses-permission#android.permission.CHANGE_CONFIGURATION
ADDED from GfeduApp\fastSdk\AndroidManifest.xml:21:5-79
	android:name
		ADDED from GfeduApp\fastSdk\AndroidManifest.xml:21:22-76
uses-permission#android.permission.READ_LOGS
ADDED from GfeduApp\fastSdk\AndroidManifest.xml:22:5-68
	android:name
		ADDED from GfeduApp\fastSdk\AndroidManifest.xml:22:22-65
uses-permission#android.permission.WRITE_SETTINGS
ADDED from GfeduApp\fastSdk\AndroidManifest.xml:23:5-73
	android:name
		ADDED from GfeduApp\fastSdk\AndroidManifest.xml:23:22-70
uses-feature#android.hardware.camera
ADDED from GfeduApp\fastSdk\AndroidManifest.xml:25:5-60
	android:name
		ADDED from GfeduApp\fastSdk\AndroidManifest.xml:25:19-57
uses-feature#android.hardware.camera.autofocus
ADDED from GfeduApp\fastSdk\AndroidManifest.xml:26:5-70
	android:name
		ADDED from GfeduApp\fastSdk\AndroidManifest.xml:26:19-67
uses-feature#android.hardware.camera.flash
ADDED from GfeduApp\fastSdk\AndroidManifest.xml:27:5-66
	android:name
		ADDED from GfeduApp\fastSdk\AndroidManifest.xml:27:19-63
uses-feature#android.hardware.camera.setParameters
ADDED from GfeduApp\fastSdk\AndroidManifest.xml:28:5-74
	android:name
		ADDED from GfeduApp\fastSdk\AndroidManifest.xml:28:19-71
application
ADDED from GfeduApp\fastSdk\AndroidManifest.xml:29:5-50:19
	android:icon
		ADDED from GfeduApp\fastSdk\AndroidManifest.xml:31:9-45
	android:allowBackup
		ADDED from GfeduApp\fastSdk\AndroidManifest.xml:30:9-35
	android:theme
		ADDED from GfeduApp\fastSdk\AndroidManifest.xml:32:9-40
activity#com.gensee.fastsdk.ui.portrait.PublishActivity
ADDED from GfeduApp\fastSdk\AndroidManifest.xml:33:9-39:77
	android:screenOrientation
		ADDED from GfeduApp\fastSdk\AndroidManifest.xml:37:13-49
	android:launchMode
		ADDED from GfeduApp\fastSdk\AndroidManifest.xml:36:13-44
	android:windowSoftInputMode
		ADDED from GfeduApp\fastSdk\AndroidManifest.xml:39:13-74
	android:configChanges
		ADDED from GfeduApp\fastSdk\AndroidManifest.xml:35:13-74
	android:theme
		ADDED from GfeduApp\fastSdk\AndroidManifest.xml:38:13-66
	android:name
		ADDED from GfeduApp\fastSdk\AndroidManifest.xml:34:13-74
activity#com.gensee.fastsdk.ui.portrait.WatchActivity
ADDED from GfeduApp\fastSdk\AndroidManifest.xml:40:9-46:77
	android:screenOrientation
		ADDED from GfeduApp\fastSdk\AndroidManifest.xml:44:13-49
	android:launchMode
		ADDED from GfeduApp\fastSdk\AndroidManifest.xml:43:13-44
	android:windowSoftInputMode
		ADDED from GfeduApp\fastSdk\AndroidManifest.xml:46:13-74
	android:configChanges
		ADDED from GfeduApp\fastSdk\AndroidManifest.xml:42:13-74
	android:theme
		ADDED from GfeduApp\fastSdk\AndroidManifest.xml:45:13-66
	android:name
		ADDED from GfeduApp\fastSdk\AndroidManifest.xml:41:13-72
service#com.gensee.fastsdk.service.LogCatService
ADDED from GfeduApp\fastSdk\AndroidManifest.xml:48:9-49:19
	android:name
		ADDED from GfeduApp\fastSdk\AndroidManifest.xml:48:18-55